


ARM Macro Assembler    Page 1 


    1 00000000         ;/******************************************************
                       ********************//**
    2 00000000         ; * @file     startup_ARMCM4.s
    3 00000000         ; * @brief    CMSIS Core Device Startup File for
    4 00000000         ; *           ARMCM4 Device Series
    5 00000000         ; * @version  V1.08
    6 00000000         ; * @date     23. November 2012
    7 00000000         ; *
    8 00000000         ; * @note
    9 00000000         ; *
   10 00000000         ; ******************************************************
                       ************************/
   11 00000000         ;/* Copyright (c) 2011 - 2012 ARM LIMITED
   12 00000000         ;
   13 00000000         ;   All rights reserved.
   14 00000000         ;   Redistribution and use in source and binary forms, w
                       ith or without
   15 00000000         ;   modification, are permitted provided that the follow
                       ing conditions are met:
   16 00000000         ;   - Redistributions of source code must retain the abo
                       ve copyright
   17 00000000         ;     notice, this list of conditions and the following 
                       disclaimer.
   18 00000000         ;   - Redistributions in binary form must reproduce the 
                       above copyright
   19 00000000         ;     notice, this list of conditions and the following 
                       disclaimer in the
   20 00000000         ;     documentation and/or other materials provided with
                        the distribution.
   21 00000000         ;   - Neither the name of ARM nor the names of its contr
                       ibutors may be used
   22 00000000         ;     to endorse or promote products derived from this s
                       oftware without
   23 00000000         ;     specific prior written permission.
   24 00000000         ;   *
   25 00000000         ;   THIS SOFTWARE IS PROVIDED BY THE COPYRIGHT HOLDERS A
                       ND CONTRIBUTORS "AS IS"
   26 00000000         ;   AND ANY EXPRESS OR IMPLIED WARRANTIES, INCLUDING, BU
                       T NOT LIMITED TO, THE
   27 00000000         ;   IMPLIED WARRANTIES OF MERCHANTABILITY AND FITNESS FO
                       R A PARTICULAR PURPOSE
   28 00000000         ;   ARE DISCLAIMED. IN NO EVENT SHALL COPYRIGHT HOLDERS 
                       AND CONTRIBUTORS BE
   29 00000000         ;   LIABLE FOR ANY DIRECT, INDIRECT, INCIDENTAL, SPECIAL
                       , EXEMPLARY, OR
   30 00000000         ;   CONSEQUENTIAL DAMAGES (INCLUDING, BUT NOT LIMITED TO
                       , PROCUREMENT OF
   31 00000000         ;   SUBSTITUTE GOODS OR SERVICES; LOSS OF USE, DATA, OR 
                       PROFITS; OR BUSINESS
   32 00000000         ;   INTERRUPTION) HOWEVER CAUSED AND ON ANY THEORY OF LI
                       ABILITY, WHETHER IN
   33 00000000         ;   CONTRACT, STRICT LIABILITY, OR TORT (INCLUDING NEGLI
                       GENCE OR OTHERWISE)
   34 00000000         ;   ARISING IN ANY WAY OUT OF THE USE OF THIS SOFTWARE, 
                       EVEN IF ADVISED OF THE
   35 00000000         ;   POSSIBILITY OF SUCH DAMAGE.
   36 00000000         ;   ----------------------------------------------------
                       -----------------------*/
   37 00000000         ;/*



ARM Macro Assembler    Page 2 


   38 00000000         ;//-------- <<< Use Configuration Wizard in Context Menu
                        >>> ------------------
   39 00000000         ;*/
   40 00000000         
   41 00000000         
   42 00000000         ; <h> Stack Configuration
   43 00000000         ;   <o> Stack Size (in Bytes) <0x0-0xFFFFFFFF:8>
   44 00000000         ; </h>
   45 00000000         
   46 00000000 00000400 
                       Stack_Size
                               EQU              0x00000400
   47 00000000         
   48 00000000                 AREA             STACK, NOINIT, READWRITE, ALIGN
=3
   49 00000000         Stack_Mem
                               SPACE            Stack_Size
   50 00000400         __initial_sp
   51 00000400         
   52 00000400         
   53 00000400         ; <h> Heap Configuration
   54 00000400         ;   <o>  Heap Size (in Bytes) <0x0-0xFFFFFFFF:8>
   55 00000400         ; </h>
   56 00000400         
   57 00000400 00000400 
                       Heap_Size
                               EQU              0x00000400
   58 00000400         
   59 00000400                 AREA             HEAP, NOINIT, READWRITE, ALIGN=
3
   60 00000000         __heap_base
   61 00000000         Heap_Mem
                               SPACE            Heap_Size
   62 00000400         __heap_limit
   63 00000400         
   64 00000400         
   65 00000400                 PRESERVE8
   66 00000400                 THUMB
   67 00000400         
   68 00000400         
   69 00000400         ; Vector Table Mapped to Address 0 at Reset
   70 00000400         
   71 00000400                 AREA             RESET, DATA, READONLY
   72 00000000                 EXPORT           __Vectors
   73 00000000                 EXPORT           __Vectors_End
   74 00000000                 EXPORT           __Vectors_Size
   75 00000000         
   76 00000000 00000000 
                       __Vectors
                               DCD              __initial_sp ; Top of Stack
   77 00000004 00000000        DCD              Reset_Handler ; Reset Handler
   78 00000008 00000000        DCD              NMI_Handler ; NMI Handler
   79 0000000C 00000000        DCD              HardFault_Handler ; Hard Fault 
                                                            Handler
   80 00000010 00000000        DCD              MemManage_Handler 
                                                            ; MPU Fault Handler
                                                            
   81 00000014 00000000        DCD              BusFault_Handler 
                                                            ; Bus Fault Handler



ARM Macro Assembler    Page 3 


                                                            
   82 00000018 00000000        DCD              UsageFault_Handler ; Usage Faul
                                                            t Handler
   83 0000001C 00000000        DCD              0           ; Reserved
   84 00000020 00000000        DCD              0           ; Reserved
   85 00000024 00000000        DCD              0           ; Reserved
   86 00000028 00000000        DCD              0           ; Reserved
   87 0000002C 00000000        DCD              SVC_Handler ; SVCall Handler
   88 00000030 00000000        DCD              DebugMon_Handler ; Debug Monito
                                                            r Handler
   89 00000034 00000000        DCD              0           ; Reserved
   90 00000038 00000000        DCD              PendSV_Handler ; PendSV Handler
                                                            
   91 0000003C 00000000        DCD              SysTick_Handler 
                                                            ; SysTick Handler
   92 00000040         
   93 00000040         ; External Interrupts
   94 00000040 00000000        DCD              WDT1_IRQHandler ;  0 Watchdog 1
                                                             IRQHandler
   95 00000044 00000000        DCD              MEM_IRQHandler ;  1 Memory IRQH
                                                            andler
   96 00000048 00000000        DCD              EPWRTZ0_IRQHandler ;  2 ePower 
                                                            Tripzone 0 IRQHandl
                                                            er
   97 0000004C 00000000        DCD              EPWRTZ1_IRQHandler ;  3 ePower 
                                                            Tripzone 1 IRQHandl
                                                            er
   98 00000050 00000000        DCD              GPIO_LEVEL_IRQHandler ;  4 GPIO
                                                             Level IRQHandler
   99 00000054 00000000        DCD              GPIO_EDGE_IRQHandler ;  5 GPIO 
                                                            Edge IRQHandler
  100 00000058 00000000        DCD              UART0_IRQHandler ;  6 UART0 IRQ
                                                            Handler
  101 0000005C 00000000        DCD              SPI0_IRQHandler ;  7 SPI0 IRQHa
                                                            ndler
  102 00000060 00000000        DCD              UART1_IRQHandler ;  8 UART1 IRQ
                                                            Handler
  103 00000064 00000000        DCD              SPI1_IRQHandler ;  9 SPI1 IRQHa
                                                            ndler
  104 00000068 00000000        DCD              CANTRG0_IRQHandler ; 10 CAN Tra
                                                            nsfer Group 0 IRQHa
                                                            ndler
  105 0000006C 00000000        DCD              CANTRG1_IRQHandler ; 11 CAN Tra
                                                            nsfer Group 1 IRQHa
                                                            ndler
  106 00000070 00000000        DCD              CANTRG2_IRQHandler ; 12 CAN Tra
                                                            nsfer Group 2 IRQHa
                                                            ndler
  107 00000074 00000000        DCD              CANTRG3_IRQHandler ; 13 CAN Tra
                                                            nsfer Group 3 IRQHa
                                                            ndler
  108 00000078 00000000        DCD              CANTRG4_IRQHandler ; 14 CAN Tra
                                                            nsfer Group 4 IRQHa
                                                            ndler
  109 0000007C 00000000        DCD              CANTRG5_IRQHandler ; 15 CAN Tra
                                                            nsfer Group 5 IRQHa
                                                            ndler
  110 00000080 00000000        DCD              CANTRG6_IRQHandler ; 16 CAN Tra
                                                            nsfer Group 6 IRQHa



ARM Macro Assembler    Page 4 


                                                            ndler
  111 00000084 00000000        DCD              CANTRG7_IRQHandler ; 17 CAN Tra
                                                            nsfer Group 7 IRQHa
                                                            ndler
  112 00000088 00000000        DCD              CANMISC_IRQHandler ; 18 CAN Mis
                                                            cellaneous IRQHandl
                                                            er
  113 0000008C 00000000        DCD              I2C_IRQHandler 
                                                            ; 19 I2C IRQHandler
                                                            
  114 00000090 00000000        DCD              ADCCH0_IRQHandler ; 20 ADC Chan
                                                            nel  0 EOC IRQHandl
                                                            er
  115 00000094 00000000        DCD              ADCCH1_IRQHandler ; 21 ADC Chan
                                                            nel  1 EOC IRQHandl
                                                            er
  116 00000098 00000000        DCD              ADCCH2_IRQHandler ; 22 ADC Chan
                                                            nel  2 EOC IRQHandl
                                                            er
  117 0000009C 00000000        DCD              ADCCH3_IRQHandler ; 23 ADC Chan
                                                            nel  3 EOC IRQHandl
                                                            er
  118 000000A0 00000000        DCD              ADCCH4_IRQHandler ; 24 ADC Chan
                                                            nel  4 EOC IRQHandl
                                                            er
  119 000000A4 00000000        DCD              ADCCH5_IRQHandler ; 25 ADC Chan
                                                            nel  5 EOC IRQHandl
                                                            er
  120 000000A8 00000000        DCD              ADCCH6_IRQHandler ; 26 ADC Chan
                                                            nel  6 EOC IRQHandl
                                                            er
  121 000000AC 00000000        DCD              ADCCH7_IRQHandler ; 27 ADC Chan
                                                            nel  7 EOC IRQHandl
                                                            er
  122 000000B0 00000000        DCD              ADCCH8_IRQHandler ; 28 ADC Chan
                                                            nel  8 EOC IRQHandl
                                                            er
  123 000000B4 00000000        DCD              ADCCH9_IRQHandler ; 29 ADC Chan
                                                            nel  9 EOC IRQHandl
                                                            er
  124 000000B8 00000000        DCD              ADCCH10_IRQHandler ; 30 ADC Cha
                                                            nnel 10 EOC IRQHand
                                                            ler
  125 000000BC 00000000        DCD              ADCCH11_IRQHandler ; 31 ADC Cha
                                                            nnel 11 EOC IRQHand
                                                            ler
  126 000000C0 00000000        DCD              ADCCH12_IRQHandler ; 32 ADC Cha
                                                            nnel 12 EOC IRQHand
                                                            ler
  127 000000C4 00000000        DCD              ADCCH13_IRQHandler ; 33 ADC Cha
                                                            nnel 13 EOC IRQHand
                                                            ler
  128 000000C8 00000000        DCD              ADCCH14_IRQHandler ; 34 ADC Cha
                                                            nnel 14 EOC IRQHand
                                                            ler
  129 000000CC 00000000        DCD              ADCCH15_IRQHandler ; 35 ADC Cha
                                                            nnel 15 EOC IRQHand
                                                            ler
  130 000000D0 00000000        DCD              ADCPPU0_IRQHandler ; 36 ADC PPU



ARM Macro Assembler    Page 5 


                                                            0 IRQHandler
  131 000000D4 00000000        DCD              ADCPPU1_IRQHandler ; 37 ADC PPU
                                                            1 IRQHandler
  132 000000D8 00000000        DCD              ADCPPU2_IRQHandler ; 38 ADC PPU
                                                            2 IRQHandler
  133 000000DC 00000000        DCD              PHCOMP_IRQHandler ; 39 PHCOMP I
                                                            RQHandler
  134 000000E0 00000000        DCD              PWM0_IRQHandler ; 40 PWM0 IRQHa
                                                            ndler
  135 000000E4 00000000        DCD              PWM1_IRQHandler ; 41 PWM1 IRQHa
                                                            ndler
  136 000000E8 00000000        DCD              PWM2_IRQHandler ; 42 PWM2 IRQHa
                                                            ndler
  137 000000EC 00000000        DCD              PWM3_IRQHandler ; 43 PWM3 IRQHa
                                                            ndler
  138 000000F0 00000000        DCD              PWM0TZ_IRQHandler ; 44 PWM0 Tri
                                                            p-Zone IRQHandler
  139 000000F4 00000000        DCD              PWM1TZ_IRQHandler ; 45 PWM1 Tri
                                                            p-Zone IRQHandler
  140 000000F8 00000000        DCD              PWM2TZ_IRQHandler ; 46 PWM2 Tri
                                                            p-Zone IRQHandler
  141 000000FC 00000000        DCD              PWM3TZ_IRQHandler ; 47 PWM3 Tri
                                                            p-Zone IRQHandler
  142 00000100 00000000        DCD              ECAP_IRQHandler ; 48 ECAP IRQHa
                                                            ndler
  143 00000104 00000000        DCD              DMAC_IRQHandler ; 49 DMAC IRQHa
                                                            ndler
  144 00000108 00000000        DCD              TIMER0_IRQHandler ; 50 Timer0 I
                                                            RQHandler
  145 0000010C 00000000        DCD              TIMER1_IRQHandler ; 51 Timer1 I
                                                            RQHandler
  146 00000110 00000000        DCD              TIMER2_IRQHandler ; 52 Timer2 I
                                                            RQHandler
  147 00000114 00000000        DCD              CRC_IRQHandler 
                                                            ; 53 CRC IRQHandler
                                                            
  148 00000118         
  149 00000118         __Vectors_End
  150 00000118         
  151 00000118 00000118 
                       __Vectors_Size
                               EQU              __Vectors_End - __Vectors
  152 00000118         
  153 00000118                 AREA             |.text|, CODE, READONLY
  154 00000000         
  155 00000000         
  156 00000000         ; Reset Handler
  157 00000000         
  158 00000000         Reset_Handler
                               PROC
  159 00000000                 EXPORT           Reset_Handler             [WEAK
]
  160 00000000                 IMPORT           SystemInit
  161 00000000                 IMPORT           __main
  162 00000000         
  163 00000000         ; Remap vector table
  164 00000000 480D            LDR              R0, =__Vectors
  165 00000002 490E            LDR              R1, =0xE000ED08 ;*VTOR register
                                                            



ARM Macro Assembler    Page 6 


  166 00000004 6008            STR              R0,[R1]
  167 00000006         
  168 00000006         ;* C routines are likely to be called. Setup the stack n
                       ow
  169 00000006 F8DF D038       LDR              SP,=__initial_sp
  170 0000000A         
  171 0000000A 480E            LDR              R0, =SystemInit
  172 0000000C 4780            BLX              R0
  173 0000000E         
  174 0000000E         ;* C routines are likely to be called. Setup the stack n
                       ow
  175 0000000E F8DF D030       LDR              SP,=__initial_sp
  176 00000012         
  177 00000012 480D            LDR              R0, =__main
  178 00000014 4700            BX               R0
  179 00000016                 ENDP
  180 00000016         
  181 00000016         
  182 00000016         ; Dummy Exception Handlers (infinite loops which can be 
                       modified)
  183 00000016         
  184 00000016         NMI_Handler
                               PROC
  185 00000016                 EXPORT           NMI_Handler               [WEAK
]
  186 00000016 E7FE            B                .
  187 00000018                 ENDP
  189 00000018         HardFault_Handler
                               PROC
  190 00000018                 EXPORT           HardFault_Handler         [WEAK
]
  191 00000018 E7FE            B                .
  192 0000001A                 ENDP
  194 0000001A         MemManage_Handler
                               PROC
  195 0000001A                 EXPORT           MemManage_Handler         [WEAK
]
  196 0000001A E7FE            B                .
  197 0000001C                 ENDP
  199 0000001C         BusFault_Handler
                               PROC
  200 0000001C                 EXPORT           BusFault_Handler          [WEAK
]
  201 0000001C E7FE            B                .
  202 0000001E                 ENDP
  204 0000001E         UsageFault_Handler
                               PROC
  205 0000001E                 EXPORT           UsageFault_Handler        [WEAK
]
  206 0000001E E7FE            B                .
  207 00000020                 ENDP
  208 00000020         SVC_Handler
                               PROC
  209 00000020                 EXPORT           SVC_Handler               [WEAK
]
  210 00000020 E7FE            B                .
  211 00000022                 ENDP
  213 00000022         DebugMon_Handler
                               PROC



ARM Macro Assembler    Page 7 


  214 00000022                 EXPORT           DebugMon_Handler          [WEAK
]
  215 00000022 E7FE            B                .
  216 00000024                 ENDP
  217 00000024         PendSV_Handler
                               PROC
  218 00000024                 EXPORT           PendSV_Handler            [WEAK
]
  219 00000024 E7FE            B                .
  220 00000026                 ENDP
  221 00000026         SysTick_Handler
                               PROC
  222 00000026                 EXPORT           SysTick_Handler           [WEAK
]
  223 00000026 E7FE            B                .
  224 00000028                 ENDP
  225 00000028         
  226 00000028         Default_Handler
                               PROC
  227 00000028         
  228 00000028                 EXPORT           WDT1_IRQHandler              [W
EAK]
  229 00000028                 EXPORT           MEM_IRQHandler               [W
EAK]
  230 00000028                 EXPORT           EPWRTZ0_IRQHandler           [W
EAK]
  231 00000028                 EXPORT           EPWRTZ1_IRQHandler           [W
EAK]
  232 00000028                 EXPORT           GPIO_LEVEL_IRQHandler        [W
EAK]
  233 00000028                 EXPORT           GPIO_EDGE_IRQHandler         [W
EAK]
  234 00000028                 EXPORT           UART0_IRQHandler             [W
EAK]
  235 00000028                 EXPORT           SPI0_IRQHandler              [W
EAK]
  236 00000028                 EXPORT           UART1_IRQHandler             [W
EAK]
  237 00000028                 EXPORT           SPI1_IRQHandler              [W
EAK]
  238 00000028                 EXPORT           CANTRG0_IRQHandler           [W
EAK]
  239 00000028                 EXPORT           CANTRG1_IRQHandler           [W
EAK]
  240 00000028                 EXPORT           CANTRG2_IRQHandler           [W
EAK]
  241 00000028                 EXPORT           CANTRG3_IRQHandler           [W
EAK]
  242 00000028                 EXPORT           CANTRG4_IRQHandler           [W
EAK]
  243 00000028                 EXPORT           CANTRG5_IRQHandler           [W
EAK]
  244 00000028                 EXPORT           CANTRG6_IRQHandler           [W
EAK]
  245 00000028                 EXPORT           CANTRG7_IRQHandler           [W
EAK]
  246 00000028                 EXPORT           CANMISC_IRQHandler           [W
EAK]
  247 00000028                 EXPORT           I2C_IRQHandler               [W



ARM Macro Assembler    Page 8 


EAK]
  248 00000028                 EXPORT           ADCCH0_IRQHandler            [W
EAK]
  249 00000028                 EXPORT           ADCCH1_IRQHandler            [W
EAK]
  250 00000028                 EXPORT           ADCCH2_IRQHandler            [W
EAK]
  251 00000028                 EXPORT           ADCCH3_IRQHandler            [W
EAK]
  252 00000028                 EXPORT           ADCCH4_IRQHandler            [W
EAK]
  253 00000028                 EXPORT           ADCCH5_IRQHandler            [W
EAK]
  254 00000028                 EXPORT           ADCCH6_IRQHandler            [W
EAK]
  255 00000028                 EXPORT           ADCCH7_IRQHandler            [W
EAK]
  256 00000028                 EXPORT           ADCCH8_IRQHandler            [W
EAK]
  257 00000028                 EXPORT           ADCCH9_IRQHandler            [W
EAK]
  258 00000028                 EXPORT           ADCCH10_IRQHandler           [W
EAK]
  259 00000028                 EXPORT           ADCCH11_IRQHandler           [W
EAK]
  260 00000028                 EXPORT           ADCCH12_IRQHandler           [W
EAK]
  261 00000028                 EXPORT           ADCCH13_IRQHandler           [W
EAK]
  262 00000028                 EXPORT           ADCCH14_IRQHandler           [W
EAK]
  263 00000028                 EXPORT           ADCCH15_IRQHandler           [W
EAK]
  264 00000028                 EXPORT           ADCPPU0_IRQHandler           [W
EAK]
  265 00000028                 EXPORT           ADCPPU1_IRQHandler           [W
EAK]
  266 00000028                 EXPORT           ADCPPU2_IRQHandler           [W
EAK]
  267 00000028                 EXPORT           PHCOMP_IRQHandler            [W
EAK]
  268 00000028                 EXPORT           PWM0_IRQHandler              [W
EAK]
  269 00000028                 EXPORT           PWM1_IRQHandler              [W
EAK]
  270 00000028                 EXPORT           PWM2_IRQHandler              [W
EAK]
  271 00000028                 EXPORT           PWM3_IRQHandler              [W
EAK]
  272 00000028                 EXPORT           PWM0TZ_IRQHandler            [W
EAK]
  273 00000028                 EXPORT           PWM1TZ_IRQHandler            [W
EAK]
  274 00000028                 EXPORT           PWM2TZ_IRQHandler            [W
EAK]
  275 00000028                 EXPORT           PWM3TZ_IRQHandler            [W
EAK]
  276 00000028                 EXPORT           ECAP_IRQHandler              [W
EAK]



ARM Macro Assembler    Page 9 


  277 00000028                 EXPORT           DMAC_IRQHandler              [W
EAK]
  278 00000028                 EXPORT           TIMER0_IRQHandler            [W
EAK]
  279 00000028                 EXPORT           TIMER1_IRQHandler            [W
EAK]
  280 00000028                 EXPORT           TIMER2_IRQHandler            [W
EAK]
  281 00000028                 EXPORT           CRC_IRQHandler               [W
EAK]
  282 00000028         WDT1_IRQHandler
  283 00000028         MEM_IRQHandler
  284 00000028         EPWRTZ0_IRQHandler
  285 00000028         EPWRTZ1_IRQHandler
  286 00000028         GPIO_LEVEL_IRQHandler
  287 00000028         GPIO_EDGE_IRQHandler
  288 00000028         UART0_IRQHandler
  289 00000028         SPI0_IRQHandler
  290 00000028         UART1_IRQHandler
  291 00000028         SPI1_IRQHandler
  292 00000028         CANTRG0_IRQHandler
  293 00000028         CANTRG1_IRQHandler
  294 00000028         CANTRG2_IRQHandler
  295 00000028         CANTRG3_IRQHandler
  296 00000028         CANTRG4_IRQHandler
  297 00000028         CANTRG5_IRQHandler
  298 00000028         CANTRG6_IRQHandler
  299 00000028         CANTRG7_IRQHandler
  300 00000028         CANMISC_IRQHandler
  301 00000028         I2C_IRQHandler
  302 00000028         ADCCH0_IRQHandler
  303 00000028         ADCCH1_IRQHandler
  304 00000028         ADCCH2_IRQHandler
  305 00000028         ADCCH3_IRQHandler
  306 00000028         ADCCH4_IRQHandler
  307 00000028         ADCCH5_IRQHandler
  308 00000028         ADCCH6_IRQHandler
  309 00000028         ADCCH7_IRQHandler
  310 00000028         ADCCH8_IRQHandler
  311 00000028         ADCCH9_IRQHandler
  312 00000028         ADCCH10_IRQHandler
  313 00000028         ADCCH11_IRQHandler
  314 00000028         ADCCH12_IRQHandler
  315 00000028         ADCCH13_IRQHandler
  316 00000028         ADCCH14_IRQHandler
  317 00000028         ADCCH15_IRQHandler
  318 00000028         ADCPPU0_IRQHandler
  319 00000028         ADCPPU1_IRQHandler
  320 00000028         ADCPPU2_IRQHandler
  321 00000028         PHCOMP_IRQHandler
  322 00000028         PWM0_IRQHandler
  323 00000028         PWM1_IRQHandler
  324 00000028         PWM2_IRQHandler
  325 00000028         PWM3_IRQHandler
  326 00000028         PWM0TZ_IRQHandler
  327 00000028         PWM1TZ_IRQHandler
  328 00000028         PWM2TZ_IRQHandler
  329 00000028         PWM3TZ_IRQHandler
  330 00000028         ECAP_IRQHandler



ARM Macro Assembler    Page 10 


  331 00000028         DMAC_IRQHandler
  332 00000028         TIMER0_IRQHandler
  333 00000028         TIMER1_IRQHandler
  334 00000028         TIMER2_IRQHandler
  335 00000028         CRC_IRQHandler
  336 00000028 E7FE            B                .
  337 0000002A         
  338 0000002A                 ENDP
  339 0000002A         
  340 0000002A         
  341 0000002A 00 00           ALIGN
  342 0000002C         
  343 0000002C         
  344 0000002C         ; User Initial Stack & Heap
  345 0000002C         
  346 0000002C                 IF               :DEF:__MICROLIB
  353 0000002C         
  354 0000002C                 IMPORT           __use_two_region_memory
  355 0000002C                 EXPORT           __user_initial_stackheap
  356 0000002C         
  357 0000002C         __user_initial_stackheap
                               PROC
  358 0000002C 4807            LDR              R0, =  Heap_Mem
  359 0000002E 4908            LDR              R1, =(Stack_Mem + Stack_Size)
  360 00000030 4A08            LDR              R2, = (Heap_Mem +  Heap_Size)
  361 00000032 4B09            LDR              R3, = Stack_Mem
  362 00000034 4770            BX               LR
  363 00000036                 ENDP
  364 00000036         
  365 00000036 00 00           ALIGN
  366 00000038         
  367 00000038                 ENDIF
  368 00000038         
  369 00000038         
  370 00000038                 END
              00000000 
              E000ED08 
              00000000 
              00000000 
              00000000 
              00000000 
              00000400 
              00000400 
              00000000 
Command Line: --debug --xref --diag_suppress=9931 --cpu=Cortex-M4.fp --apcs=int
erwork --depend=.\objects\startup_spc1169.d -o.\objects\startup_spc1169.o -I.\R
TE\_FWLib -IC:\Users\JEM1HZ\AppData\Local\Arm\Packs\ARM\CMSIS\5.9.0\Device\ARM\
ARMCM4\Include -IC:\Keil_v5\ARM\CMSIS\Include --predefine="__UVISION_VERSION SE
TA 528" --predefine="ARMCM4_FP SETA 1" --list=.\listings\startup_spc1169.lst ..
\..\..\..\Libraries\CMSIS\device\startup\arm\startup_spc1169.s



ARM Macro Assembler    Page 1 Alphabetic symbol ordering
Relocatable symbols

STACK 00000000

Symbol: STACK
   Definitions
      At line 48 in file ..\..\..\..\Libraries\CMSIS\device\startup\arm\startup
_spc1169.s
   Uses
      None
Comment: STACK unused
Stack_Mem 00000000

Symbol: Stack_Mem
   Definitions
      At line 49 in file ..\..\..\..\Libraries\CMSIS\device\startup\arm\startup
_spc1169.s
   Uses
      At line 359 in file ..\..\..\..\Libraries\CMSIS\device\startup\arm\startu
p_spc1169.s
      At line 361 in file ..\..\..\..\Libraries\CMSIS\device\startup\arm\startu
p_spc1169.s

__initial_sp 00000400

Symbol: __initial_sp
   Definitions
      At line 50 in file ..\..\..\..\Libraries\CMSIS\device\startup\arm\startup
_spc1169.s
   Uses
      At line 76 in file ..\..\..\..\Libraries\CMSIS\device\startup\arm\startup
_spc1169.s
      At line 169 in file ..\..\..\..\Libraries\CMSIS\device\startup\arm\startu
p_spc1169.s
      At line 175 in file ..\..\..\..\Libraries\CMSIS\device\startup\arm\startu
p_spc1169.s

3 symbols



ARM Macro Assembler    Page 1 Alphabetic symbol ordering
Relocatable symbols

HEAP 00000000

Symbol: HEAP
   Definitions
      At line 59 in file ..\..\..\..\Libraries\CMSIS\device\startup\arm\startup
_spc1169.s
   Uses
      None
Comment: HEAP unused
Heap_Mem 00000000

Symbol: Heap_Mem
   Definitions
      At line 61 in file ..\..\..\..\Libraries\CMSIS\device\startup\arm\startup
_spc1169.s
   Uses
      At line 358 in file ..\..\..\..\Libraries\CMSIS\device\startup\arm\startu
p_spc1169.s
      At line 360 in file ..\..\..\..\Libraries\CMSIS\device\startup\arm\startu
p_spc1169.s

__heap_base 00000000

Symbol: __heap_base
   Definitions
      At line 60 in file ..\..\..\..\Libraries\CMSIS\device\startup\arm\startup
_spc1169.s
   Uses
      None
Comment: __heap_base unused
__heap_limit 00000400

Symbol: __heap_limit
   Definitions
      At line 62 in file ..\..\..\..\Libraries\CMSIS\device\startup\arm\startup
_spc1169.s
   Uses
      None
Comment: __heap_limit unused
4 symbols



ARM Macro Assembler    Page 1 Alphabetic symbol ordering
Relocatable symbols

RESET 00000000

Symbol: RESET
   Definitions
      At line 71 in file ..\..\..\..\Libraries\CMSIS\device\startup\arm\startup
_spc1169.s
   Uses
      None
Comment: RESET unused
__Vectors 00000000

Symbol: __Vectors
   Definitions
      At line 76 in file ..\..\..\..\Libraries\CMSIS\device\startup\arm\startup
_spc1169.s
   Uses
      At line 72 in file ..\..\..\..\Libraries\CMSIS\device\startup\arm\startup
_spc1169.s
      At line 151 in file ..\..\..\..\Libraries\CMSIS\device\startup\arm\startu
p_spc1169.s
      At line 164 in file ..\..\..\..\Libraries\CMSIS\device\startup\arm\startu
p_spc1169.s

__Vectors_End 00000118

Symbol: __Vectors_End
   Definitions
      At line 149 in file ..\..\..\..\Libraries\CMSIS\device\startup\arm\startu
p_spc1169.s
   Uses
      At line 73 in file ..\..\..\..\Libraries\CMSIS\device\startup\arm\startup
_spc1169.s
      At line 151 in file ..\..\..\..\Libraries\CMSIS\device\startup\arm\startu
p_spc1169.s

3 symbols



ARM Macro Assembler    Page 1 Alphabetic symbol ordering
Relocatable symbols

.text 00000000

Symbol: .text
   Definitions
      At line 153 in file ..\..\..\..\Libraries\CMSIS\device\startup\arm\startu
p_spc1169.s
   Uses
      None
Comment: .text unused
ADCCH0_IRQHandler 00000028

Symbol: ADCCH0_IRQHandler
   Definitions
      At line 302 in file ..\..\..\..\Libraries\CMSIS\device\startup\arm\startu
p_spc1169.s
   Uses
      At line 114 in file ..\..\..\..\Libraries\CMSIS\device\startup\arm\startu
p_spc1169.s
      At line 248 in file ..\..\..\..\Libraries\CMSIS\device\startup\arm\startu
p_spc1169.s

ADCCH10_IRQHandler 00000028

Symbol: ADCCH10_IRQHandler
   Definitions
      At line 312 in file ..\..\..\..\Libraries\CMSIS\device\startup\arm\startu
p_spc1169.s
   Uses
      At line 124 in file ..\..\..\..\Libraries\CMSIS\device\startup\arm\startu
p_spc1169.s
      At line 258 in file ..\..\..\..\Libraries\CMSIS\device\startup\arm\startu
p_spc1169.s

ADCCH11_IRQHandler 00000028

Symbol: ADCCH11_IRQHandler
   Definitions
      At line 313 in file ..\..\..\..\Libraries\CMSIS\device\startup\arm\startu
p_spc1169.s
   Uses
      At line 125 in file ..\..\..\..\Libraries\CMSIS\device\startup\arm\startu
p_spc1169.s
      At line 259 in file ..\..\..\..\Libraries\CMSIS\device\startup\arm\startu
p_spc1169.s

ADCCH12_IRQHandler 00000028

Symbol: ADCCH12_IRQHandler
   Definitions
      At line 314 in file ..\..\..\..\Libraries\CMSIS\device\startup\arm\startu
p_spc1169.s
   Uses
      At line 126 in file ..\..\..\..\Libraries\CMSIS\device\startup\arm\startu
p_spc1169.s
      At line 260 in file ..\..\..\..\Libraries\CMSIS\device\startup\arm\startu
p_spc1169.s

ADCCH13_IRQHandler 00000028




ARM Macro Assembler    Page 2 Alphabetic symbol ordering
Relocatable symbols

Symbol: ADCCH13_IRQHandler
   Definitions
      At line 315 in file ..\..\..\..\Libraries\CMSIS\device\startup\arm\startu
p_spc1169.s
   Uses
      At line 127 in file ..\..\..\..\Libraries\CMSIS\device\startup\arm\startu
p_spc1169.s
      At line 261 in file ..\..\..\..\Libraries\CMSIS\device\startup\arm\startu
p_spc1169.s

ADCCH14_IRQHandler 00000028

Symbol: ADCCH14_IRQHandler
   Definitions
      At line 316 in file ..\..\..\..\Libraries\CMSIS\device\startup\arm\startu
p_spc1169.s
   Uses
      At line 128 in file ..\..\..\..\Libraries\CMSIS\device\startup\arm\startu
p_spc1169.s
      At line 262 in file ..\..\..\..\Libraries\CMSIS\device\startup\arm\startu
p_spc1169.s

ADCCH15_IRQHandler 00000028

Symbol: ADCCH15_IRQHandler
   Definitions
      At line 317 in file ..\..\..\..\Libraries\CMSIS\device\startup\arm\startu
p_spc1169.s
   Uses
      At line 129 in file ..\..\..\..\Libraries\CMSIS\device\startup\arm\startu
p_spc1169.s
      At line 263 in file ..\..\..\..\Libraries\CMSIS\device\startup\arm\startu
p_spc1169.s

ADCCH1_IRQHandler 00000028

Symbol: ADCCH1_IRQHandler
   Definitions
      At line 303 in file ..\..\..\..\Libraries\CMSIS\device\startup\arm\startu
p_spc1169.s
   Uses
      At line 115 in file ..\..\..\..\Libraries\CMSIS\device\startup\arm\startu
p_spc1169.s
      At line 249 in file ..\..\..\..\Libraries\CMSIS\device\startup\arm\startu
p_spc1169.s

ADCCH2_IRQHandler 00000028

Symbol: ADCCH2_IRQHandler
   Definitions
      At line 304 in file ..\..\..\..\Libraries\CMSIS\device\startup\arm\startu
p_spc1169.s
   Uses
      At line 116 in file ..\..\..\..\Libraries\CMSIS\device\startup\arm\startu
p_spc1169.s
      At line 250 in file ..\..\..\..\Libraries\CMSIS\device\startup\arm\startu
p_spc1169.s

ADCCH3_IRQHandler 00000028



ARM Macro Assembler    Page 3 Alphabetic symbol ordering
Relocatable symbols


Symbol: ADCCH3_IRQHandler
   Definitions
      At line 305 in file ..\..\..\..\Libraries\CMSIS\device\startup\arm\startu
p_spc1169.s
   Uses
      At line 117 in file ..\..\..\..\Libraries\CMSIS\device\startup\arm\startu
p_spc1169.s
      At line 251 in file ..\..\..\..\Libraries\CMSIS\device\startup\arm\startu
p_spc1169.s

ADCCH4_IRQHandler 00000028

Symbol: ADCCH4_IRQHandler
   Definitions
      At line 306 in file ..\..\..\..\Libraries\CMSIS\device\startup\arm\startu
p_spc1169.s
   Uses
      At line 118 in file ..\..\..\..\Libraries\CMSIS\device\startup\arm\startu
p_spc1169.s
      At line 252 in file ..\..\..\..\Libraries\CMSIS\device\startup\arm\startu
p_spc1169.s

ADCCH5_IRQHandler 00000028

Symbol: ADCCH5_IRQHandler
   Definitions
      At line 307 in file ..\..\..\..\Libraries\CMSIS\device\startup\arm\startu
p_spc1169.s
   Uses
      At line 119 in file ..\..\..\..\Libraries\CMSIS\device\startup\arm\startu
p_spc1169.s
      At line 253 in file ..\..\..\..\Libraries\CMSIS\device\startup\arm\startu
p_spc1169.s

ADCCH6_IRQHandler 00000028

Symbol: ADCCH6_IRQHandler
   Definitions
      At line 308 in file ..\..\..\..\Libraries\CMSIS\device\startup\arm\startu
p_spc1169.s
   Uses
      At line 120 in file ..\..\..\..\Libraries\CMSIS\device\startup\arm\startu
p_spc1169.s
      At line 254 in file ..\..\..\..\Libraries\CMSIS\device\startup\arm\startu
p_spc1169.s

ADCCH7_IRQHandler 00000028

Symbol: ADCCH7_IRQHandler
   Definitions
      At line 309 in file ..\..\..\..\Libraries\CMSIS\device\startup\arm\startu
p_spc1169.s
   Uses
      At line 121 in file ..\..\..\..\Libraries\CMSIS\device\startup\arm\startu
p_spc1169.s
      At line 255 in file ..\..\..\..\Libraries\CMSIS\device\startup\arm\startu
p_spc1169.s




ARM Macro Assembler    Page 4 Alphabetic symbol ordering
Relocatable symbols

ADCCH8_IRQHandler 00000028

Symbol: ADCCH8_IRQHandler
   Definitions
      At line 310 in file ..\..\..\..\Libraries\CMSIS\device\startup\arm\startu
p_spc1169.s
   Uses
      At line 122 in file ..\..\..\..\Libraries\CMSIS\device\startup\arm\startu
p_spc1169.s
      At line 256 in file ..\..\..\..\Libraries\CMSIS\device\startup\arm\startu
p_spc1169.s

ADCCH9_IRQHandler 00000028

Symbol: ADCCH9_IRQHandler
   Definitions
      At line 311 in file ..\..\..\..\Libraries\CMSIS\device\startup\arm\startu
p_spc1169.s
   Uses
      At line 123 in file ..\..\..\..\Libraries\CMSIS\device\startup\arm\startu
p_spc1169.s
      At line 257 in file ..\..\..\..\Libraries\CMSIS\device\startup\arm\startu
p_spc1169.s

ADCPPU0_IRQHandler 00000028

Symbol: ADCPPU0_IRQHandler
   Definitions
      At line 318 in file ..\..\..\..\Libraries\CMSIS\device\startup\arm\startu
p_spc1169.s
   Uses
      At line 130 in file ..\..\..\..\Libraries\CMSIS\device\startup\arm\startu
p_spc1169.s
      At line 264 in file ..\..\..\..\Libraries\CMSIS\device\startup\arm\startu
p_spc1169.s

ADCPPU1_IRQHandler 00000028

Symbol: ADCPPU1_IRQHandler
   Definitions
      At line 319 in file ..\..\..\..\Libraries\CMSIS\device\startup\arm\startu
p_spc1169.s
   Uses
      At line 131 in file ..\..\..\..\Libraries\CMSIS\device\startup\arm\startu
p_spc1169.s
      At line 265 in file ..\..\..\..\Libraries\CMSIS\device\startup\arm\startu
p_spc1169.s

ADCPPU2_IRQHandler 00000028

Symbol: ADCPPU2_IRQHandler
   Definitions
      At line 320 in file ..\..\..\..\Libraries\CMSIS\device\startup\arm\startu
p_spc1169.s
   Uses
      At line 132 in file ..\..\..\..\Libraries\CMSIS\device\startup\arm\startu
p_spc1169.s
      At line 266 in file ..\..\..\..\Libraries\CMSIS\device\startup\arm\startu
p_spc1169.s



ARM Macro Assembler    Page 5 Alphabetic symbol ordering
Relocatable symbols


BusFault_Handler 0000001C

Symbol: BusFault_Handler
   Definitions
      At line 199 in file ..\..\..\..\Libraries\CMSIS\device\startup\arm\startu
p_spc1169.s
   Uses
      At line 81 in file ..\..\..\..\Libraries\CMSIS\device\startup\arm\startup
_spc1169.s
      At line 200 in file ..\..\..\..\Libraries\CMSIS\device\startup\arm\startu
p_spc1169.s

CANMISC_IRQHandler 00000028

Symbol: CANMISC_IRQHandler
   Definitions
      At line 300 in file ..\..\..\..\Libraries\CMSIS\device\startup\arm\startu
p_spc1169.s
   Uses
      At line 112 in file ..\..\..\..\Libraries\CMSIS\device\startup\arm\startu
p_spc1169.s
      At line 246 in file ..\..\..\..\Libraries\CMSIS\device\startup\arm\startu
p_spc1169.s

CANTRG0_IRQHandler 00000028

Symbol: CANTRG0_IRQHandler
   Definitions
      At line 292 in file ..\..\..\..\Libraries\CMSIS\device\startup\arm\startu
p_spc1169.s
   Uses
      At line 104 in file ..\..\..\..\Libraries\CMSIS\device\startup\arm\startu
p_spc1169.s
      At line 238 in file ..\..\..\..\Libraries\CMSIS\device\startup\arm\startu
p_spc1169.s

CANTRG1_IRQHandler 00000028

Symbol: CANTRG1_IRQHandler
   Definitions
      At line 293 in file ..\..\..\..\Libraries\CMSIS\device\startup\arm\startu
p_spc1169.s
   Uses
      At line 105 in file ..\..\..\..\Libraries\CMSIS\device\startup\arm\startu
p_spc1169.s
      At line 239 in file ..\..\..\..\Libraries\CMSIS\device\startup\arm\startu
p_spc1169.s

CANTRG2_IRQHandler 00000028

Symbol: CANTRG2_IRQHandler
   Definitions
      At line 294 in file ..\..\..\..\Libraries\CMSIS\device\startup\arm\startu
p_spc1169.s
   Uses
      At line 106 in file ..\..\..\..\Libraries\CMSIS\device\startup\arm\startu
p_spc1169.s
      At line 240 in file ..\..\..\..\Libraries\CMSIS\device\startup\arm\startu



ARM Macro Assembler    Page 6 Alphabetic symbol ordering
Relocatable symbols

p_spc1169.s

CANTRG3_IRQHandler 00000028

Symbol: CANTRG3_IRQHandler
   Definitions
      At line 295 in file ..\..\..\..\Libraries\CMSIS\device\startup\arm\startu
p_spc1169.s
   Uses
      At line 107 in file ..\..\..\..\Libraries\CMSIS\device\startup\arm\startu
p_spc1169.s
      At line 241 in file ..\..\..\..\Libraries\CMSIS\device\startup\arm\startu
p_spc1169.s

CANTRG4_IRQHandler 00000028

Symbol: CANTRG4_IRQHandler
   Definitions
      At line 296 in file ..\..\..\..\Libraries\CMSIS\device\startup\arm\startu
p_spc1169.s
   Uses
      At line 108 in file ..\..\..\..\Libraries\CMSIS\device\startup\arm\startu
p_spc1169.s
      At line 242 in file ..\..\..\..\Libraries\CMSIS\device\startup\arm\startu
p_spc1169.s

CANTRG5_IRQHandler 00000028

Symbol: CANTRG5_IRQHandler
   Definitions
      At line 297 in file ..\..\..\..\Libraries\CMSIS\device\startup\arm\startu
p_spc1169.s
   Uses
      At line 109 in file ..\..\..\..\Libraries\CMSIS\device\startup\arm\startu
p_spc1169.s
      At line 243 in file ..\..\..\..\Libraries\CMSIS\device\startup\arm\startu
p_spc1169.s

CANTRG6_IRQHandler 00000028

Symbol: CANTRG6_IRQHandler
   Definitions
      At line 298 in file ..\..\..\..\Libraries\CMSIS\device\startup\arm\startu
p_spc1169.s
   Uses
      At line 110 in file ..\..\..\..\Libraries\CMSIS\device\startup\arm\startu
p_spc1169.s
      At line 244 in file ..\..\..\..\Libraries\CMSIS\device\startup\arm\startu
p_spc1169.s

CANTRG7_IRQHandler 00000028

Symbol: CANTRG7_IRQHandler
   Definitions
      At line 299 in file ..\..\..\..\Libraries\CMSIS\device\startup\arm\startu
p_spc1169.s
   Uses
      At line 111 in file ..\..\..\..\Libraries\CMSIS\device\startup\arm\startu
p_spc1169.s



ARM Macro Assembler    Page 7 Alphabetic symbol ordering
Relocatable symbols

      At line 245 in file ..\..\..\..\Libraries\CMSIS\device\startup\arm\startu
p_spc1169.s

CRC_IRQHandler 00000028

Symbol: CRC_IRQHandler
   Definitions
      At line 335 in file ..\..\..\..\Libraries\CMSIS\device\startup\arm\startu
p_spc1169.s
   Uses
      At line 147 in file ..\..\..\..\Libraries\CMSIS\device\startup\arm\startu
p_spc1169.s
      At line 281 in file ..\..\..\..\Libraries\CMSIS\device\startup\arm\startu
p_spc1169.s

DMAC_IRQHandler 00000028

Symbol: DMAC_IRQHandler
   Definitions
      At line 331 in file ..\..\..\..\Libraries\CMSIS\device\startup\arm\startu
p_spc1169.s
   Uses
      At line 143 in file ..\..\..\..\Libraries\CMSIS\device\startup\arm\startu
p_spc1169.s
      At line 277 in file ..\..\..\..\Libraries\CMSIS\device\startup\arm\startu
p_spc1169.s

DebugMon_Handler 00000022

Symbol: DebugMon_Handler
   Definitions
      At line 213 in file ..\..\..\..\Libraries\CMSIS\device\startup\arm\startu
p_spc1169.s
   Uses
      At line 88 in file ..\..\..\..\Libraries\CMSIS\device\startup\arm\startup
_spc1169.s
      At line 214 in file ..\..\..\..\Libraries\CMSIS\device\startup\arm\startu
p_spc1169.s

Default_Handler 00000028

Symbol: Default_Handler
   Definitions
      At line 226 in file ..\..\..\..\Libraries\CMSIS\device\startup\arm\startu
p_spc1169.s
   Uses
      None
Comment: Default_Handler unused
ECAP_IRQHandler 00000028

Symbol: ECAP_IRQHandler
   Definitions
      At line 330 in file ..\..\..\..\Libraries\CMSIS\device\startup\arm\startu
p_spc1169.s
   Uses
      At line 142 in file ..\..\..\..\Libraries\CMSIS\device\startup\arm\startu
p_spc1169.s
      At line 276 in file ..\..\..\..\Libraries\CMSIS\device\startup\arm\startu
p_spc1169.s



ARM Macro Assembler    Page 8 Alphabetic symbol ordering
Relocatable symbols


EPWRTZ0_IRQHandler 00000028

Symbol: EPWRTZ0_IRQHandler
   Definitions
      At line 284 in file ..\..\..\..\Libraries\CMSIS\device\startup\arm\startu
p_spc1169.s
   Uses
      At line 96 in file ..\..\..\..\Libraries\CMSIS\device\startup\arm\startup
_spc1169.s
      At line 230 in file ..\..\..\..\Libraries\CMSIS\device\startup\arm\startu
p_spc1169.s

EPWRTZ1_IRQHandler 00000028

Symbol: EPWRTZ1_IRQHandler
   Definitions
      At line 285 in file ..\..\..\..\Libraries\CMSIS\device\startup\arm\startu
p_spc1169.s
   Uses
      At line 97 in file ..\..\..\..\Libraries\CMSIS\device\startup\arm\startup
_spc1169.s
      At line 231 in file ..\..\..\..\Libraries\CMSIS\device\startup\arm\startu
p_spc1169.s

GPIO_EDGE_IRQHandler 00000028

Symbol: GPIO_EDGE_IRQHandler
   Definitions
      At line 287 in file ..\..\..\..\Libraries\CMSIS\device\startup\arm\startu
p_spc1169.s
   Uses
      At line 99 in file ..\..\..\..\Libraries\CMSIS\device\startup\arm\startup
_spc1169.s
      At line 233 in file ..\..\..\..\Libraries\CMSIS\device\startup\arm\startu
p_spc1169.s

GPIO_LEVEL_IRQHandler 00000028

Symbol: GPIO_LEVEL_IRQHandler
   Definitions
      At line 286 in file ..\..\..\..\Libraries\CMSIS\device\startup\arm\startu
p_spc1169.s
   Uses
      At line 98 in file ..\..\..\..\Libraries\CMSIS\device\startup\arm\startup
_spc1169.s
      At line 232 in file ..\..\..\..\Libraries\CMSIS\device\startup\arm\startu
p_spc1169.s

HardFault_Handler 00000018

Symbol: HardFault_Handler
   Definitions
      At line 189 in file ..\..\..\..\Libraries\CMSIS\device\startup\arm\startu
p_spc1169.s
   Uses
      At line 79 in file ..\..\..\..\Libraries\CMSIS\device\startup\arm\startup
_spc1169.s
      At line 190 in file ..\..\..\..\Libraries\CMSIS\device\startup\arm\startu



ARM Macro Assembler    Page 9 Alphabetic symbol ordering
Relocatable symbols

p_spc1169.s

I2C_IRQHandler 00000028

Symbol: I2C_IRQHandler
   Definitions
      At line 301 in file ..\..\..\..\Libraries\CMSIS\device\startup\arm\startu
p_spc1169.s
   Uses
      At line 113 in file ..\..\..\..\Libraries\CMSIS\device\startup\arm\startu
p_spc1169.s
      At line 247 in file ..\..\..\..\Libraries\CMSIS\device\startup\arm\startu
p_spc1169.s

MEM_IRQHandler 00000028

Symbol: MEM_IRQHandler
   Definitions
      At line 283 in file ..\..\..\..\Libraries\CMSIS\device\startup\arm\startu
p_spc1169.s
   Uses
      At line 95 in file ..\..\..\..\Libraries\CMSIS\device\startup\arm\startup
_spc1169.s
      At line 229 in file ..\..\..\..\Libraries\CMSIS\device\startup\arm\startu
p_spc1169.s

MemManage_Handler 0000001A

Symbol: MemManage_Handler
   Definitions
      At line 194 in file ..\..\..\..\Libraries\CMSIS\device\startup\arm\startu
p_spc1169.s
   Uses
      At line 80 in file ..\..\..\..\Libraries\CMSIS\device\startup\arm\startup
_spc1169.s
      At line 195 in file ..\..\..\..\Libraries\CMSIS\device\startup\arm\startu
p_spc1169.s

NMI_Handler 00000016

Symbol: NMI_Handler
   Definitions
      At line 184 in file ..\..\..\..\Libraries\CMSIS\device\startup\arm\startu
p_spc1169.s
   Uses
      At line 78 in file ..\..\..\..\Libraries\CMSIS\device\startup\arm\startup
_spc1169.s
      At line 185 in file ..\..\..\..\Libraries\CMSIS\device\startup\arm\startu
p_spc1169.s

PHCOMP_IRQHandler 00000028

Symbol: PHCOMP_IRQHandler
   Definitions
      At line 321 in file ..\..\..\..\Libraries\CMSIS\device\startup\arm\startu
p_spc1169.s
   Uses
      At line 133 in file ..\..\..\..\Libraries\CMSIS\device\startup\arm\startu
p_spc1169.s



ARM Macro Assembler    Page 10 Alphabetic symbol ordering
Relocatable symbols

      At line 267 in file ..\..\..\..\Libraries\CMSIS\device\startup\arm\startu
p_spc1169.s

PWM0TZ_IRQHandler 00000028

Symbol: PWM0TZ_IRQHandler
   Definitions
      At line 326 in file ..\..\..\..\Libraries\CMSIS\device\startup\arm\startu
p_spc1169.s
   Uses
      At line 138 in file ..\..\..\..\Libraries\CMSIS\device\startup\arm\startu
p_spc1169.s
      At line 272 in file ..\..\..\..\Libraries\CMSIS\device\startup\arm\startu
p_spc1169.s

PWM0_IRQHandler 00000028

Symbol: PWM0_IRQHandler
   Definitions
      At line 322 in file ..\..\..\..\Libraries\CMSIS\device\startup\arm\startu
p_spc1169.s
   Uses
      At line 134 in file ..\..\..\..\Libraries\CMSIS\device\startup\arm\startu
p_spc1169.s
      At line 268 in file ..\..\..\..\Libraries\CMSIS\device\startup\arm\startu
p_spc1169.s

PWM1TZ_IRQHandler 00000028

Symbol: PWM1TZ_IRQHandler
   Definitions
      At line 327 in file ..\..\..\..\Libraries\CMSIS\device\startup\arm\startu
p_spc1169.s
   Uses
      At line 139 in file ..\..\..\..\Libraries\CMSIS\device\startup\arm\startu
p_spc1169.s
      At line 273 in file ..\..\..\..\Libraries\CMSIS\device\startup\arm\startu
p_spc1169.s

PWM1_IRQHandler 00000028

Symbol: PWM1_IRQHandler
   Definitions
      At line 323 in file ..\..\..\..\Libraries\CMSIS\device\startup\arm\startu
p_spc1169.s
   Uses
      At line 135 in file ..\..\..\..\Libraries\CMSIS\device\startup\arm\startu
p_spc1169.s
      At line 269 in file ..\..\..\..\Libraries\CMSIS\device\startup\arm\startu
p_spc1169.s

PWM2TZ_IRQHandler 00000028

Symbol: PWM2TZ_IRQHandler
   Definitions
      At line 328 in file ..\..\..\..\Libraries\CMSIS\device\startup\arm\startu
p_spc1169.s
   Uses
      At line 140 in file ..\..\..\..\Libraries\CMSIS\device\startup\arm\startu



ARM Macro Assembler    Page 11 Alphabetic symbol ordering
Relocatable symbols

p_spc1169.s
      At line 274 in file ..\..\..\..\Libraries\CMSIS\device\startup\arm\startu
p_spc1169.s

PWM2_IRQHandler 00000028

Symbol: PWM2_IRQHandler
   Definitions
      At line 324 in file ..\..\..\..\Libraries\CMSIS\device\startup\arm\startu
p_spc1169.s
   Uses
      At line 136 in file ..\..\..\..\Libraries\CMSIS\device\startup\arm\startu
p_spc1169.s
      At line 270 in file ..\..\..\..\Libraries\CMSIS\device\startup\arm\startu
p_spc1169.s

PWM3TZ_IRQHandler 00000028

Symbol: PWM3TZ_IRQHandler
   Definitions
      At line 329 in file ..\..\..\..\Libraries\CMSIS\device\startup\arm\startu
p_spc1169.s
   Uses
      At line 141 in file ..\..\..\..\Libraries\CMSIS\device\startup\arm\startu
p_spc1169.s
      At line 275 in file ..\..\..\..\Libraries\CMSIS\device\startup\arm\startu
p_spc1169.s

PWM3_IRQHandler 00000028

Symbol: PWM3_IRQHandler
   Definitions
      At line 325 in file ..\..\..\..\Libraries\CMSIS\device\startup\arm\startu
p_spc1169.s
   Uses
      At line 137 in file ..\..\..\..\Libraries\CMSIS\device\startup\arm\startu
p_spc1169.s
      At line 271 in file ..\..\..\..\Libraries\CMSIS\device\startup\arm\startu
p_spc1169.s

PendSV_Handler 00000024

Symbol: PendSV_Handler
   Definitions
      At line 217 in file ..\..\..\..\Libraries\CMSIS\device\startup\arm\startu
p_spc1169.s
   Uses
      At line 90 in file ..\..\..\..\Libraries\CMSIS\device\startup\arm\startup
_spc1169.s
      At line 218 in file ..\..\..\..\Libraries\CMSIS\device\startup\arm\startu
p_spc1169.s

Reset_Handler 00000000

Symbol: Reset_Handler
   Definitions
      At line 158 in file ..\..\..\..\Libraries\CMSIS\device\startup\arm\startu
p_spc1169.s
   Uses



ARM Macro Assembler    Page 12 Alphabetic symbol ordering
Relocatable symbols

      At line 77 in file ..\..\..\..\Libraries\CMSIS\device\startup\arm\startup
_spc1169.s
      At line 159 in file ..\..\..\..\Libraries\CMSIS\device\startup\arm\startu
p_spc1169.s

SPI0_IRQHandler 00000028

Symbol: SPI0_IRQHandler
   Definitions
      At line 289 in file ..\..\..\..\Libraries\CMSIS\device\startup\arm\startu
p_spc1169.s
   Uses
      At line 101 in file ..\..\..\..\Libraries\CMSIS\device\startup\arm\startu
p_spc1169.s
      At line 235 in file ..\..\..\..\Libraries\CMSIS\device\startup\arm\startu
p_spc1169.s

SPI1_IRQHandler 00000028

Symbol: SPI1_IRQHandler
   Definitions
      At line 291 in file ..\..\..\..\Libraries\CMSIS\device\startup\arm\startu
p_spc1169.s
   Uses
      At line 103 in file ..\..\..\..\Libraries\CMSIS\device\startup\arm\startu
p_spc1169.s
      At line 237 in file ..\..\..\..\Libraries\CMSIS\device\startup\arm\startu
p_spc1169.s

SVC_Handler 00000020

Symbol: SVC_Handler
   Definitions
      At line 208 in file ..\..\..\..\Libraries\CMSIS\device\startup\arm\startu
p_spc1169.s
   Uses
      At line 87 in file ..\..\..\..\Libraries\CMSIS\device\startup\arm\startup
_spc1169.s
      At line 209 in file ..\..\..\..\Libraries\CMSIS\device\startup\arm\startu
p_spc1169.s

SysTick_Handler 00000026

Symbol: SysTick_Handler
   Definitions
      At line 221 in file ..\..\..\..\Libraries\CMSIS\device\startup\arm\startu
p_spc1169.s
   Uses
      At line 91 in file ..\..\..\..\Libraries\CMSIS\device\startup\arm\startup
_spc1169.s
      At line 222 in file ..\..\..\..\Libraries\CMSIS\device\startup\arm\startu
p_spc1169.s

TIMER0_IRQHandler 00000028

Symbol: TIMER0_IRQHandler
   Definitions
      At line 332 in file ..\..\..\..\Libraries\CMSIS\device\startup\arm\startu
p_spc1169.s



ARM Macro Assembler    Page 13 Alphabetic symbol ordering
Relocatable symbols

   Uses
      At line 144 in file ..\..\..\..\Libraries\CMSIS\device\startup\arm\startu
p_spc1169.s
      At line 278 in file ..\..\..\..\Libraries\CMSIS\device\startup\arm\startu
p_spc1169.s

TIMER1_IRQHandler 00000028

Symbol: TIMER1_IRQHandler
   Definitions
      At line 333 in file ..\..\..\..\Libraries\CMSIS\device\startup\arm\startu
p_spc1169.s
   Uses
      At line 145 in file ..\..\..\..\Libraries\CMSIS\device\startup\arm\startu
p_spc1169.s
      At line 279 in file ..\..\..\..\Libraries\CMSIS\device\startup\arm\startu
p_spc1169.s

TIMER2_IRQHandler 00000028

Symbol: TIMER2_IRQHandler
   Definitions
      At line 334 in file ..\..\..\..\Libraries\CMSIS\device\startup\arm\startu
p_spc1169.s
   Uses
      At line 146 in file ..\..\..\..\Libraries\CMSIS\device\startup\arm\startu
p_spc1169.s
      At line 280 in file ..\..\..\..\Libraries\CMSIS\device\startup\arm\startu
p_spc1169.s

UART0_IRQHandler 00000028

Symbol: UART0_IRQHandler
   Definitions
      At line 288 in file ..\..\..\..\Libraries\CMSIS\device\startup\arm\startu
p_spc1169.s
   Uses
      At line 100 in file ..\..\..\..\Libraries\CMSIS\device\startup\arm\startu
p_spc1169.s
      At line 234 in file ..\..\..\..\Libraries\CMSIS\device\startup\arm\startu
p_spc1169.s

UART1_IRQHandler 00000028

Symbol: UART1_IRQHandler
   Definitions
      At line 290 in file ..\..\..\..\Libraries\CMSIS\device\startup\arm\startu
p_spc1169.s
   Uses
      At line 102 in file ..\..\..\..\Libraries\CMSIS\device\startup\arm\startu
p_spc1169.s
      At line 236 in file ..\..\..\..\Libraries\CMSIS\device\startup\arm\startu
p_spc1169.s

UsageFault_Handler 0000001E

Symbol: UsageFault_Handler
   Definitions
      At line 204 in file ..\..\..\..\Libraries\CMSIS\device\startup\arm\startu



ARM Macro Assembler    Page 14 Alphabetic symbol ordering
Relocatable symbols

p_spc1169.s
   Uses
      At line 82 in file ..\..\..\..\Libraries\CMSIS\device\startup\arm\startup
_spc1169.s
      At line 205 in file ..\..\..\..\Libraries\CMSIS\device\startup\arm\startu
p_spc1169.s

WDT1_IRQHandler 00000028

Symbol: WDT1_IRQHandler
   Definitions
      At line 282 in file ..\..\..\..\Libraries\CMSIS\device\startup\arm\startu
p_spc1169.s
   Uses
      At line 94 in file ..\..\..\..\Libraries\CMSIS\device\startup\arm\startup
_spc1169.s
      At line 228 in file ..\..\..\..\Libraries\CMSIS\device\startup\arm\startu
p_spc1169.s

__user_initial_stackheap 0000002C

Symbol: __user_initial_stackheap
   Definitions
      At line 357 in file ..\..\..\..\Libraries\CMSIS\device\startup\arm\startu
p_spc1169.s
   Uses
      At line 355 in file ..\..\..\..\Libraries\CMSIS\device\startup\arm\startu
p_spc1169.s
Comment: __user_initial_stackheap used once
67 symbols



ARM Macro Assembler    Page 1 Alphabetic symbol ordering
Absolute symbols

Heap_Size 00000400

Symbol: Heap_Size
   Definitions
      At line 57 in file ..\..\..\..\Libraries\CMSIS\device\startup\arm\startup
_spc1169.s
   Uses
      At line 61 in file ..\..\..\..\Libraries\CMSIS\device\startup\arm\startup
_spc1169.s
      At line 360 in file ..\..\..\..\Libraries\CMSIS\device\startup\arm\startu
p_spc1169.s

Stack_Size 00000400

Symbol: Stack_Size
   Definitions
      At line 46 in file ..\..\..\..\Libraries\CMSIS\device\startup\arm\startup
_spc1169.s
   Uses
      At line 49 in file ..\..\..\..\Libraries\CMSIS\device\startup\arm\startup
_spc1169.s
      At line 359 in file ..\..\..\..\Libraries\CMSIS\device\startup\arm\startu
p_spc1169.s

__Vectors_Size 00000118

Symbol: __Vectors_Size
   Definitions
      At line 151 in file ..\..\..\..\Libraries\CMSIS\device\startup\arm\startu
p_spc1169.s
   Uses
      At line 74 in file ..\..\..\..\Libraries\CMSIS\device\startup\arm\startup
_spc1169.s
Comment: __Vectors_Size used once
3 symbols



ARM Macro Assembler    Page 1 Alphabetic symbol ordering
External symbols

SystemInit 00000000

Symbol: SystemInit
   Definitions
      At line 160 in file ..\..\..\..\Libraries\CMSIS\device\startup\arm\startu
p_spc1169.s
   Uses
      At line 171 in file ..\..\..\..\Libraries\CMSIS\device\startup\arm\startu
p_spc1169.s
Comment: SystemInit used once
__main 00000000

Symbol: __main
   Definitions
      At line 161 in file ..\..\..\..\Libraries\CMSIS\device\startup\arm\startu
p_spc1169.s
   Uses
      At line 177 in file ..\..\..\..\Libraries\CMSIS\device\startup\arm\startu
p_spc1169.s
Comment: __main used once
__use_two_region_memory 00000000

Symbol: __use_two_region_memory
   Definitions
      At line 354 in file ..\..\..\..\Libraries\CMSIS\device\startup\arm\startu
p_spc1169.s
   Uses
      None
Comment: __use_two_region_memory unused
3 symbols
420 symbols in table
